0 info it worked if it ends with ok
1 verbose cli [ '/usr/local/bin/node',
1 verbose cli   '/usr/local/bin/npm',
1 verbose cli   'install',
1 verbose cli   '-g',
1 verbose cli   'grunt-cli' ]
2 info using npm@2.15.9
3 info using node@v4.6.0
4 verbose install initial load of /usr/local/lib/package.json
5 verbose readDependencies loading dependencies from /usr/local/lib/package.json
6 silly cache add args [ 'grunt-cli', null ]
7 verbose cache add spec grunt-cli
8 silly cache add parsed spec Result {
8 silly cache add   raw: 'grunt-cli',
8 silly cache add   scope: null,
8 silly cache add   name: 'grunt-cli',
8 silly cache add   rawSpec: '',
8 silly cache add   spec: 'latest',
8 silly cache add   type: 'tag' }
9 silly addNamed grunt-cli@latest
10 verbose addNamed "latest" is being treated as a dist-tag for grunt-cli
11 info addNameTag [ 'grunt-cli', 'latest' ]
12 silly mapToRegistry name grunt-cli
13 silly mapToRegistry using default registry
14 silly mapToRegistry registry https://registry.npmjs.org/
15 silly mapToRegistry data Result {
15 silly mapToRegistry   raw: 'grunt-cli',
15 silly mapToRegistry   scope: null,
15 silly mapToRegistry   name: 'grunt-cli',
15 silly mapToRegistry   rawSpec: '',
15 silly mapToRegistry   spec: 'latest',
15 silly mapToRegistry   type: 'tag' }
16 silly mapToRegistry uri https://registry.npmjs.org/grunt-cli
17 verbose addNameTag registry:https://registry.npmjs.org/grunt-cli not in flight; fetching
18 verbose request uri https://registry.npmjs.org/grunt-cli
19 verbose request no auth needed
20 info attempt registry request try #1 at 9:04:17 PM
21 verbose request id 89e5c65a97470f1f
22 verbose etag "5SIQ1CHI4H1PKD8G62KCQPK5B"
23 http request GET https://registry.npmjs.org/grunt-cli
24 http 304 https://registry.npmjs.org/grunt-cli
25 verbose headers { date: 'Wed, 02 Nov 2016 02:04:17 GMT',
25 verbose headers   via: '1.1 varnish',
25 verbose headers   'cache-control': 'max-age=300',
25 verbose headers   etag: '"5SIQ1CHI4H1PKD8G62KCQPK5B"',
25 verbose headers   age: '183',
25 verbose headers   connection: 'keep-alive',
25 verbose headers   'x-served-by': 'cache-atl6228-ATL',
25 verbose headers   'x-cache': 'HIT',
25 verbose headers   'x-cache-hits': '2',
25 verbose headers   'x-timer': 'S1478052257.878222,VS0,VE0',
25 verbose headers   vary: 'Accept-Encoding' }
26 silly get cb [ 304,
26 silly get   { date: 'Wed, 02 Nov 2016 02:04:17 GMT',
26 silly get     via: '1.1 varnish',
26 silly get     'cache-control': 'max-age=300',
26 silly get     etag: '"5SIQ1CHI4H1PKD8G62KCQPK5B"',
26 silly get     age: '183',
26 silly get     connection: 'keep-alive',
26 silly get     'x-served-by': 'cache-atl6228-ATL',
26 silly get     'x-cache': 'HIT',
26 silly get     'x-cache-hits': '2',
26 silly get     'x-timer': 'S1478052257.878222,VS0,VE0',
26 silly get     vary: 'Accept-Encoding' } ]
27 verbose etag https://registry.npmjs.org/grunt-cli from cache
28 verbose get saving grunt-cli to /Users/davidchung/.npm/registry.npmjs.org/grunt-cli/.cache.json
29 verbose correctMkdir /Users/davidchung/.npm correctMkdir not in flight; initializing
30 silly addNameTag next cb for grunt-cli with tag latest
31 silly addNamed grunt-cli@1.2.0
32 verbose addNamed "1.2.0" is a plain semver version for grunt-cli
33 silly cache afterAdd grunt-cli@1.2.0
34 verbose afterAdd /Users/davidchung/.npm/grunt-cli/1.2.0/package/package.json not in flight; writing
35 verbose correctMkdir /Users/davidchung/.npm correctMkdir not in flight; initializing
36 verbose afterAdd /Users/davidchung/.npm/grunt-cli/1.2.0/package/package.json written
37 silly install resolved [ { name: 'grunt-cli',
37 silly install resolved     description: 'The grunt command line interface',
37 silly install resolved     version: '1.2.0',
37 silly install resolved     author:
37 silly install resolved      { name: 'Grunt Development Team',
37 silly install resolved        url: 'http://gruntjs.com/development-team' },
37 silly install resolved     repository:
37 silly install resolved      { type: 'git',
37 silly install resolved        url: 'git+https://github.com/gruntjs/grunt-cli.git' },
37 silly install resolved     license: 'MIT',
37 silly install resolved     engines: { node: '>=0.10.0' },
37 silly install resolved     scripts: { test: 'node bin/grunt test' },
37 silly install resolved     bin: { grunt: 'bin/grunt' },
37 silly install resolved     dependencies:
37 silly install resolved      { 'findup-sync': '~0.3.0',
37 silly install resolved        'grunt-known-options': '~1.1.0',
37 silly install resolved        nopt: '~3.0.6',
37 silly install resolved        resolve: '~1.1.0' },
37 silly install resolved     devDependencies: { grunt: '~0.4.5', 'grunt-contrib-jshint': '~1.0.0' },
37 silly install resolved     files: [ 'bin', 'completion', 'lib' ],
37 silly install resolved     appveyor_id: 'prp6g944b05jsq6d',
37 silly install resolved     contributors: [ [Object], [Object], [Object], [Object] ],
37 silly install resolved     gitHead: 'edd8bd29a72f2f28b63fe2629fcb7b9d9f2feb46',
37 silly install resolved     bugs: { url: 'https://github.com/gruntjs/grunt-cli/issues' },
37 silly install resolved     homepage: 'https://github.com/gruntjs/grunt-cli#readme',
37 silly install resolved     _id: 'grunt-cli@1.2.0',
37 silly install resolved     _shasum: '562b119ebb069ddb464ace2845501be97b35b6a8',
37 silly install resolved     _from: 'grunt-cli@latest',
37 silly install resolved     _npmVersion: '3.8.2',
37 silly install resolved     _nodeVersion: '4.2.3',
37 silly install resolved     _npmUser: { name: 'vladikoff', email: 'vlad@vladikoff.com' },
37 silly install resolved     dist:
37 silly install resolved      { shasum: '562b119ebb069ddb464ace2845501be97b35b6a8',
37 silly install resolved        tarball: 'https://registry.npmjs.org/grunt-cli/-/grunt-cli-1.2.0.tgz' },
37 silly install resolved     maintainers: [ [Object], [Object], [Object], [Object] ],
37 silly install resolved     _npmOperationalInternal:
37 silly install resolved      { host: 'packages-12-west.internal.npmjs.com',
37 silly install resolved        tmp: 'tmp/grunt-cli-1.2.0.tgz_1459558434299_0.8824446983635426' },
37 silly install resolved     directories: {},
37 silly install resolved     _resolved: 'https://registry.npmjs.org/grunt-cli/-/grunt-cli-1.2.0.tgz',
37 silly install resolved     readme: 'ERROR: No README data found!' } ]
38 info install grunt-cli@1.2.0 into /usr/local/lib
39 info installOne grunt-cli@1.2.0
40 verbose installOne of grunt-cli to /usr/local/lib not in flight; installing
41 verbose correctMkdir /Users/davidchung/.npm/_locks correctMkdir not in flight; initializing
42 verbose lock using /Users/davidchung/.npm/_locks/grunt-cli-58f484dab06f0a30.lock for /usr/local/lib/node_modules/grunt-cli
43 silly install write writing grunt-cli 1.2.0 to /usr/local/lib/node_modules/grunt-cli
44 verbose unbuild lib/node_modules/grunt-cli
45 info preuninstall grunt-cli@1.2.0
46 info uninstall grunt-cli@1.2.0
47 verbose unbuild rmStuff grunt-cli@1.2.0 from /usr/local/lib/node_modules
48 silly gentlyRm /usr/local/bin/grunt is being gently removed
49 silly gentlyRm verifying /usr/local is an npm working directory
50 silly gentlyRm containing path /usr/local is under npm's control, in /usr/local
51 silly gentlyRm deletion target /usr/local/bin/grunt is under /usr/local
52 verbose gentlyRm vacuuming from /usr/local/bin/grunt up to /usr/local
53 silly vacuum-fs removing /usr/local/bin/grunt
54 silly vacuum-fs quitting because other entries in /usr/local/bin
55 info postuninstall grunt-cli@1.2.0
56 silly gentlyRm /usr/local/lib/node_modules/grunt-cli is being purged from base /usr/local
57 verbose gentlyRm don't care about contents; nuking /usr/local/lib/node_modules/grunt-cli
58 silly vacuum-fs purging /usr/local/lib/node_modules/grunt-cli
59 verbose unlock done using /Users/davidchung/.npm/_locks/grunt-cli-58f484dab06f0a30.lock for /usr/local/lib/node_modules/grunt-cli
60 verbose stack Error: EACCES: permission denied, rmdir '/usr/local/lib/node_modules/grunt-cli'
60 verbose stack     at Error (native)
61 verbose cwd /Users/davidchung/workspace/exercises/spa/ex_bootstrap/lib
62 error Darwin 15.6.0
63 error argv "/usr/local/bin/node" "/usr/local/bin/npm" "install" "-g" "grunt-cli"
64 error node v4.6.0
65 error npm  v2.15.9
66 error path /usr/local/lib/node_modules/grunt-cli
67 error code EACCES
68 error errno -13
69 error syscall rmdir
70 error Error: EACCES: permission denied, rmdir '/usr/local/lib/node_modules/grunt-cli'
70 error     at Error (native)
70 error  { [Error: EACCES: permission denied, rmdir '/usr/local/lib/node_modules/grunt-cli']
70 error   errno: -13,
70 error   code: 'EACCES',
70 error   syscall: 'rmdir',
70 error   path: '/usr/local/lib/node_modules/grunt-cli' }
71 error Please try running this command again as root/Administrator.
72 verbose exit [ -13, true ]
73 verbose unbuild lib/node_modules/grunt-cli
74 info preuninstall grunt-cli@1.2.0
75 info uninstall grunt-cli@1.2.0
76 verbose unbuild rmStuff grunt-cli@1.2.0 from /usr/local/lib/node_modules
77 silly gentlyRm /usr/local/bin/grunt is being gently removed
78 silly gentlyRm verifying /usr/local is an npm working directory
79 silly gentlyRm containing path /usr/local is under npm's control, in /usr/local
80 silly gentlyRm deletion target /usr/local/bin/grunt is under /usr/local
81 verbose gentlyRm vacuuming from /usr/local/bin/grunt up to /usr/local
82 info postuninstall grunt-cli@1.2.0
83 silly gentlyRm /usr/local/lib/node_modules/grunt-cli is being purged from base /usr/local
84 verbose gentlyRm don't care about contents; nuking /usr/local/lib/node_modules/grunt-cli
85 silly vacuum-fs purging /usr/local/lib/node_modules/grunt-cli
86 error error rolling back Error: EACCES: permission denied, rmdir '/usr/local/lib/node_modules/grunt-cli'
86 error error rolling back     at Error (native)
86 error error rolling back  { [Error: EACCES: permission denied, rmdir '/usr/local/lib/node_modules/grunt-cli']
86 error error rolling back   errno: -13,
86 error error rolling back   code: 'EACCES',
86 error error rolling back   syscall: 'rmdir',
86 error error rolling back   path: '/usr/local/lib/node_modules/grunt-cli' }
